
*** Running vivado
    with args -log filter.vds -m64 -product Vivado -mode batch -messageDb vivado.pb -notrace -source filter.tcl


ECHO is off.
ECHO is off.

****** Vivado v2023.2 (64-bit)
  **** SW Build 4029153 on Fri Oct 13 20:14:34 MDT 2023
  **** IP Build 4028589 on Sat Oct 14 00:45:43 MDT 2023
  **** SharedData Build 4025554 on Tue Oct 10 17:18:54 MDT 2023
    ** Copyright 1986-2022 Xilinx, Inc. All Rights Reserved.
    ** Copyright 2022-2023 Advanced Micro Devices, Inc. All Rights Reserved.

source filter.tcl -notrace
INFO: [IP_Flow 19-6924] IPCACHE: Running cache check for IP inst: filter
Command: synth_design -top filter -part xc7a35tcpg236-1 -incremental_mode off -mode out_of_context
Starting synth_design
Attempting to get a license for feature 'Synthesis' and/or device 'xc7a35t'
INFO: [Common 17-349] Got license for feature 'Synthesis' and/or device 'xc7a35t'
INFO: [Device 21-403] Loading part xc7a35tcpg236-1
INFO: [Synth 8-7079] Multithreading enabled for synth_design using a maximum of 2 processes.
INFO: [Synth 8-7078] Launching helper process for spawning children vivado processes
INFO: [Synth 8-7075] Helper process launched with PID 24584
---------------------------------------------------------------------------------
Starting RTL Elaboration : Time (s): cpu = 00:00:03 ; elapsed = 00:00:07 . Memory (MB): peak = 1306.832 ; gain = 440.082
---------------------------------------------------------------------------------
INFO: [Synth 8-638] synthesizing module 'filter' [c:/Users/Sreenu/OneDrive - IIT Delhi/A/COL215/Assignments/hw3/hw3.gen/sources_1/ip/filter/synth/filter.vhd:66]
	Parameter C_FAMILY bound to: artix7 - type: string 
	Parameter C_ADDR_WIDTH bound to: 4 - type: integer 
	Parameter C_DEFAULT_DATA bound to: 0 - type: string 
	Parameter C_DEPTH bound to: 16 - type: integer 
	Parameter C_HAS_CLK bound to: 0 - type: integer 
	Parameter C_HAS_D bound to: 0 - type: integer 
	Parameter C_HAS_DPO bound to: 0 - type: integer 
	Parameter C_HAS_DPRA bound to: 0 - type: integer 
	Parameter C_HAS_I_CE bound to: 0 - type: integer 
	Parameter C_HAS_QDPO bound to: 0 - type: integer 
	Parameter C_HAS_QDPO_CE bound to: 0 - type: integer 
	Parameter C_HAS_QDPO_CLK bound to: 0 - type: integer 
	Parameter C_HAS_QDPO_RST bound to: 0 - type: integer 
	Parameter C_HAS_QDPO_SRST bound to: 0 - type: integer 
	Parameter C_HAS_QSPO bound to: 0 - type: integer 
	Parameter C_HAS_QSPO_CE bound to: 0 - type: integer 
	Parameter C_HAS_QSPO_RST bound to: 0 - type: integer 
	Parameter C_HAS_QSPO_SRST bound to: 0 - type: integer 
	Parameter C_HAS_SPO bound to: 1 - type: integer 
	Parameter C_HAS_WE bound to: 0 - type: integer 
	Parameter C_MEM_INIT_FILE bound to: filter.mif - type: string 
	Parameter C_ELABORATION_DIR bound to: ./ - type: string 
	Parameter C_MEM_TYPE bound to: 0 - type: integer 
	Parameter C_PIPELINE_STAGES bound to: 0 - type: integer 
	Parameter C_QCE_JOINED bound to: 0 - type: integer 
	Parameter C_QUALIFY_WE bound to: 0 - type: integer 
	Parameter C_READ_MIF bound to: 1 - type: integer 
	Parameter C_REG_A_D_INPUTS bound to: 0 - type: integer 
	Parameter C_REG_DPRA_INPUT bound to: 0 - type: integer 
	Parameter C_SYNC_ENABLE bound to: 1 - type: integer 
	Parameter C_WIDTH bound to: 8 - type: integer 
	Parameter C_PARSER_TYPE bound to: 1 - type: integer 
INFO: [Synth 8-3491] module 'dist_mem_gen_v8_0_14' declared at 'c:/Users/Sreenu/OneDrive - IIT Delhi/A/COL215/Assignments/hw3/hw3.gen/sources_1/ip/filter/hdl/dist_mem_gen_v8_0_vhsyn_rfs.vhd:3191' bound to instance 'U0' of component 'dist_mem_gen_v8_0_14' [c:/Users/Sreenu/OneDrive - IIT Delhi/A/COL215/Assignments/hw3/hw3.gen/sources_1/ip/filter/synth/filter.vhd:132]
INFO: [Synth 8-256] done synthesizing module 'filter' (0#1) [c:/Users/Sreenu/OneDrive - IIT Delhi/A/COL215/Assignments/hw3/hw3.gen/sources_1/ip/filter/synth/filter.vhd:66]
WARNING: [Synth 8-7129] Port qspo[7] in module rom is either unconnected or has no load
WARNING: [Synth 8-7129] Port qspo[6] in module rom is either unconnected or has no load
WARNING: [Synth 8-7129] Port qspo[5] in module rom is either unconnected or has no load
WARNING: [Synth 8-7129] Port qspo[4] in module rom is either unconnected or has no load
WARNING: [Synth 8-7129] Port qspo[3] in module rom is either unconnected or has no load
WARNING: [Synth 8-7129] Port qspo[2] in module rom is either unconnected or has no load
WARNING: [Synth 8-7129] Port qspo[1] in module rom is either unconnected or has no load
WARNING: [Synth 8-7129] Port qspo[0] in module rom is either unconnected or has no load
WARNING: [Synth 8-7129] Port clk in module rom is either unconnected or has no load
WARNING: [Synth 8-7129] Port qspo_ce in module rom is either unconnected or has no load
WARNING: [Synth 8-7129] Port qspo_rst in module rom is either unconnected or has no load
WARNING: [Synth 8-7129] Port qspo_srst in module rom is either unconnected or has no load
WARNING: [Synth 8-7129] Port dpo[7] in module dist_mem_gen_v8_0_14_synth is either unconnected or has no load
WARNING: [Synth 8-7129] Port dpo[6] in module dist_mem_gen_v8_0_14_synth is either unconnected or has no load
WARNING: [Synth 8-7129] Port dpo[5] in module dist_mem_gen_v8_0_14_synth is either unconnected or has no load
WARNING: [Synth 8-7129] Port dpo[4] in module dist_mem_gen_v8_0_14_synth is either unconnected or has no load
WARNING: [Synth 8-7129] Port dpo[3] in module dist_mem_gen_v8_0_14_synth is either unconnected or has no load
WARNING: [Synth 8-7129] Port dpo[2] in module dist_mem_gen_v8_0_14_synth is either unconnected or has no load
WARNING: [Synth 8-7129] Port dpo[1] in module dist_mem_gen_v8_0_14_synth is either unconnected or has no load
WARNING: [Synth 8-7129] Port dpo[0] in module dist_mem_gen_v8_0_14_synth is either unconnected or has no load
WARNING: [Synth 8-7129] Port qdpo[7] in module dist_mem_gen_v8_0_14_synth is either unconnected or has no load
WARNING: [Synth 8-7129] Port qdpo[6] in module dist_mem_gen_v8_0_14_synth is either unconnected or has no load
WARNING: [Synth 8-7129] Port qdpo[5] in module dist_mem_gen_v8_0_14_synth is either unconnected or has no load
WARNING: [Synth 8-7129] Port qdpo[4] in module dist_mem_gen_v8_0_14_synth is either unconnected or has no load
WARNING: [Synth 8-7129] Port qdpo[3] in module dist_mem_gen_v8_0_14_synth is either unconnected or has no load
WARNING: [Synth 8-7129] Port qdpo[2] in module dist_mem_gen_v8_0_14_synth is either unconnected or has no load
WARNING: [Synth 8-7129] Port qdpo[1] in module dist_mem_gen_v8_0_14_synth is either unconnected or has no load
WARNING: [Synth 8-7129] Port qdpo[0] in module dist_mem_gen_v8_0_14_synth is either unconnected or has no load
WARNING: [Synth 8-7129] Port d[7] in module dist_mem_gen_v8_0_14_synth is either unconnected or has no load
WARNING: [Synth 8-7129] Port d[6] in module dist_mem_gen_v8_0_14_synth is either unconnected or has no load
WARNING: [Synth 8-7129] Port d[5] in module dist_mem_gen_v8_0_14_synth is either unconnected or has no load
WARNING: [Synth 8-7129] Port d[4] in module dist_mem_gen_v8_0_14_synth is either unconnected or has no load
WARNING: [Synth 8-7129] Port d[3] in module dist_mem_gen_v8_0_14_synth is either unconnected or has no load
WARNING: [Synth 8-7129] Port d[2] in module dist_mem_gen_v8_0_14_synth is either unconnected or has no load
WARNING: [Synth 8-7129] Port d[1] in module dist_mem_gen_v8_0_14_synth is either unconnected or has no load
WARNING: [Synth 8-7129] Port d[0] in module dist_mem_gen_v8_0_14_synth is either unconnected or has no load
WARNING: [Synth 8-7129] Port dpra[3] in module dist_mem_gen_v8_0_14_synth is either unconnected or has no load
WARNING: [Synth 8-7129] Port dpra[2] in module dist_mem_gen_v8_0_14_synth is either unconnected or has no load
WARNING: [Synth 8-7129] Port dpra[1] in module dist_mem_gen_v8_0_14_synth is either unconnected or has no load
WARNING: [Synth 8-7129] Port dpra[0] in module dist_mem_gen_v8_0_14_synth is either unconnected or has no load
WARNING: [Synth 8-7129] Port we in module dist_mem_gen_v8_0_14_synth is either unconnected or has no load
WARNING: [Synth 8-7129] Port i_ce in module dist_mem_gen_v8_0_14_synth is either unconnected or has no load
WARNING: [Synth 8-7129] Port qdpo_ce in module dist_mem_gen_v8_0_14_synth is either unconnected or has no load
WARNING: [Synth 8-7129] Port qdpo_clk in module dist_mem_gen_v8_0_14_synth is either unconnected or has no load
WARNING: [Synth 8-7129] Port qdpo_rst in module dist_mem_gen_v8_0_14_synth is either unconnected or has no load
WARNING: [Synth 8-7129] Port qdpo_srst in module dist_mem_gen_v8_0_14_synth is either unconnected or has no load
WARNING: [Synth 8-7129] Port d[7] in module dist_mem_gen_v8_0_14 is either unconnected or has no load
WARNING: [Synth 8-7129] Port d[6] in module dist_mem_gen_v8_0_14 is either unconnected or has no load
WARNING: [Synth 8-7129] Port d[5] in module dist_mem_gen_v8_0_14 is either unconnected or has no load
WARNING: [Synth 8-7129] Port d[4] in module dist_mem_gen_v8_0_14 is either unconnected or has no load
WARNING: [Synth 8-7129] Port d[3] in module dist_mem_gen_v8_0_14 is either unconnected or has no load
WARNING: [Synth 8-7129] Port d[2] in module dist_mem_gen_v8_0_14 is either unconnected or has no load
WARNING: [Synth 8-7129] Port d[1] in module dist_mem_gen_v8_0_14 is either unconnected or has no load
WARNING: [Synth 8-7129] Port d[0] in module dist_mem_gen_v8_0_14 is either unconnected or has no load
WARNING: [Synth 8-7129] Port dpra[3] in module dist_mem_gen_v8_0_14 is either unconnected or has no load
WARNING: [Synth 8-7129] Port dpra[2] in module dist_mem_gen_v8_0_14 is either unconnected or has no load
WARNING: [Synth 8-7129] Port dpra[1] in module dist_mem_gen_v8_0_14 is either unconnected or has no load
WARNING: [Synth 8-7129] Port dpra[0] in module dist_mem_gen_v8_0_14 is either unconnected or has no load
WARNING: [Synth 8-7129] Port clk in module dist_mem_gen_v8_0_14 is either unconnected or has no load
WARNING: [Synth 8-7129] Port we in module dist_mem_gen_v8_0_14 is either unconnected or has no load
WARNING: [Synth 8-7129] Port i_ce in module dist_mem_gen_v8_0_14 is either unconnected or has no load
WARNING: [Synth 8-7129] Port qspo_ce in module dist_mem_gen_v8_0_14 is either unconnected or has no load
WARNING: [Synth 8-7129] Port qdpo_ce in module dist_mem_gen_v8_0_14 is either unconnected or has no load
WARNING: [Synth 8-7129] Port qdpo_clk in module dist_mem_gen_v8_0_14 is either unconnected or has no load
WARNING: [Synth 8-7129] Port qspo_rst in module dist_mem_gen_v8_0_14 is either unconnected or has no load
WARNING: [Synth 8-7129] Port qdpo_rst in module dist_mem_gen_v8_0_14 is either unconnected or has no load
WARNING: [Synth 8-7129] Port qspo_srst in module dist_mem_gen_v8_0_14 is either unconnected or has no load
WARNING: [Synth 8-7129] Port qdpo_srst in module dist_mem_gen_v8_0_14 is either unconnected or has no load
---------------------------------------------------------------------------------
Finished RTL Elaboration : Time (s): cpu = 00:00:04 ; elapsed = 00:00:10 . Memory (MB): peak = 1416.648 ; gain = 549.898
---------------------------------------------------------------------------------
---------------------------------------------------------------------------------
Start Handling Custom Attributes
---------------------------------------------------------------------------------
---------------------------------------------------------------------------------
Finished Handling Custom Attributes : Time (s): cpu = 00:00:04 ; elapsed = 00:00:10 . Memory (MB): peak = 1416.648 ; gain = 549.898
---------------------------------------------------------------------------------
---------------------------------------------------------------------------------
Finished RTL Optimization Phase 1 : Time (s): cpu = 00:00:04 ; elapsed = 00:00:10 . Memory (MB): peak = 1416.648 ; gain = 549.898
---------------------------------------------------------------------------------
Netlist sorting complete. Time (s): cpu = 00:00:00 ; elapsed = 00:00:00.001 . Memory (MB): peak = 1416.648 ; gain = 0.000
INFO: [Project 1-570] Preparing netlist for logic optimization

Processing XDC Constraints
Initializing timing engine
Parsing XDC File [c:/Users/Sreenu/OneDrive - IIT Delhi/A/COL215/Assignments/hw3/hw3.gen/sources_1/ip/filter/filter_ooc.xdc] for cell 'U0'
Finished Parsing XDC File [c:/Users/Sreenu/OneDrive - IIT Delhi/A/COL215/Assignments/hw3/hw3.gen/sources_1/ip/filter/filter_ooc.xdc] for cell 'U0'
Parsing XDC File [C:/Users/Sreenu/OneDrive - IIT Delhi/A/COL215/Assignments/hw3/hw3.runs/filter_synth_1/dont_touch.xdc]
Finished Parsing XDC File [C:/Users/Sreenu/OneDrive - IIT Delhi/A/COL215/Assignments/hw3/hw3.runs/filter_synth_1/dont_touch.xdc]
Completed Processing XDC Constraints

Netlist sorting complete. Time (s): cpu = 00:00:00 ; elapsed = 00:00:00 . Memory (MB): peak = 1416.648 ; gain = 0.000
INFO: [Project 1-111] Unisim Transformation Summary:
No Unisim elements were transformed.

Access is denied.
Constraint Validation Runtime : Time (s): cpu = 00:00:00 ; elapsed = 00:00:00.038 . Memory (MB): peak = 1416.648 ; gain = 0.000
INFO: [Designutils 20-5008] Incremental synthesis strategy off
---------------------------------------------------------------------------------
Finished Constraint Validation : Time (s): cpu = 00:00:09 ; elapsed = 00:00:21 . Memory (MB): peak = 1416.648 ; gain = 549.898
---------------------------------------------------------------------------------
---------------------------------------------------------------------------------
Start Loading Part and Timing Information
---------------------------------------------------------------------------------
Loading part: xc7a35tcpg236-1
---------------------------------------------------------------------------------
Finished Loading Part and Timing Information : Time (s): cpu = 00:00:09 ; elapsed = 00:00:21 . Memory (MB): peak = 1416.648 ; gain = 549.898
---------------------------------------------------------------------------------
---------------------------------------------------------------------------------
Start Applying 'set_property' XDC Constraints
---------------------------------------------------------------------------------
Applied set_property KEEP_HIERARCHY = SOFT for U0. (constraint file  {C:/Users/Sreenu/OneDrive - IIT Delhi/A/COL215/Assignments/hw3/hw3.runs/filter_synth_1/dont_touch.xdc}, line 9).
---------------------------------------------------------------------------------
Finished applying 'set_property' XDC Constraints : Time (s): cpu = 00:00:09 ; elapsed = 00:00:21 . Memory (MB): peak = 1416.648 ; gain = 549.898
---------------------------------------------------------------------------------
---------------------------------------------------------------------------------
Finished RTL Optimization Phase 2 : Time (s): cpu = 00:00:09 ; elapsed = 00:00:21 . Memory (MB): peak = 1416.648 ; gain = 549.898
---------------------------------------------------------------------------------
---------------------------------------------------------------------------------
Start RTL Component Statistics 
---------------------------------------------------------------------------------
Detailed RTL Component Info : 
---------------------------------------------------------------------------------
Finished RTL Component Statistics 
---------------------------------------------------------------------------------
---------------------------------------------------------------------------------
Start Part Resource Summary
---------------------------------------------------------------------------------
Part Resources:
DSPs: 90 (col length:60)
BRAMs: 100 (col length: RAMB18 60 RAMB36 30)
---------------------------------------------------------------------------------
Finished Part Resource Summary
---------------------------------------------------------------------------------
---------------------------------------------------------------------------------
Start Cross Boundary and Area Optimization
---------------------------------------------------------------------------------
WARNING: [Synth 8-7080] Parallel synthesis criteria is not met
WARNING: [Synth 8-7129] Port dpo[7] in module dist_mem_gen_v8_0_14 is either unconnected or has no load
WARNING: [Synth 8-7129] Port dpo[6] in module dist_mem_gen_v8_0_14 is either unconnected or has no load
WARNING: [Synth 8-7129] Port dpo[5] in module dist_mem_gen_v8_0_14 is either unconnected or has no load
WARNING: [Synth 8-7129] Port dpo[4] in module dist_mem_gen_v8_0_14 is either unconnected or has no load
WARNING: [Synth 8-7129] Port dpo[3] in module dist_mem_gen_v8_0_14 is either unconnected or has no load
WARNING: [Synth 8-7129] Port dpo[2] in module dist_mem_gen_v8_0_14 is either unconnected or has no load
WARNING: [Synth 8-7129] Port dpo[1] in module dist_mem_gen_v8_0_14 is either unconnected or has no load
WARNING: [Synth 8-7129] Port dpo[0] in module dist_mem_gen_v8_0_14 is either unconnected or has no load
WARNING: [Synth 8-7129] Port qspo[7] in module dist_mem_gen_v8_0_14 is either unconnected or has no load
WARNING: [Synth 8-7129] Port qspo[6] in module dist_mem_gen_v8_0_14 is either unconnected or has no load
WARNING: [Synth 8-7129] Port qspo[5] in module dist_mem_gen_v8_0_14 is either unconnected or has no load
WARNING: [Synth 8-7129] Port qspo[4] in module dist_mem_gen_v8_0_14 is either unconnected or has no load
WARNING: [Synth 8-7129] Port qspo[3] in module dist_mem_gen_v8_0_14 is either unconnected or has no load
WARNING: [Synth 8-7129] Port qspo[2] in module dist_mem_gen_v8_0_14 is either unconnected or has no load
WARNING: [Synth 8-7129] Port qspo[1] in module dist_mem_gen_v8_0_14 is either unconnected or has no load
WARNING: [Synth 8-7129] Port qspo[0] in module dist_mem_gen_v8_0_14 is either unconnected or has no load
WARNING: [Synth 8-7129] Port qdpo[7] in module dist_mem_gen_v8_0_14 is either unconnected or has no load
WARNING: [Synth 8-7129] Port qdpo[6] in module dist_mem_gen_v8_0_14 is either unconnected or has no load
WARNING: [Synth 8-7129] Port qdpo[5] in module dist_mem_gen_v8_0_14 is either unconnected or has no load
WARNING: [Synth 8-7129] Port qdpo[4] in module dist_mem_gen_v8_0_14 is either unconnected or has no load
WARNING: [Synth 8-7129] Port qdpo[3] in module dist_mem_gen_v8_0_14 is either unconnected or has no load
WARNING: [Synth 8-7129] Port qdpo[2] in module dist_mem_gen_v8_0_14 is either unconnected or has no load
WARNING: [Synth 8-7129] Port qdpo[1] in module dist_mem_gen_v8_0_14 is either unconnected or has no load
WARNING: [Synth 8-7129] Port qdpo[0] in module dist_mem_gen_v8_0_14 is either unconnected or has no load
WARNING: [Synth 8-7129] Port d[7] in module dist_mem_gen_v8_0_14 is either unconnected or has no load
WARNING: [Synth 8-7129] Port d[6] in module dist_mem_gen_v8_0_14 is either unconnected or has no load
WARNING: [Synth 8-7129] Port d[5] in module dist_mem_gen_v8_0_14 is either unconnected or has no load
WARNING: [Synth 8-7129] Port d[4] in module dist_mem_gen_v8_0_14 is either unconnected or has no load
WARNING: [Synth 8-7129] Port d[3] in module dist_mem_gen_v8_0_14 is either unconnected or has no load
WARNING: [Synth 8-7129] Port d[2] in module dist_mem_gen_v8_0_14 is either unconnected or has no load
WARNING: [Synth 8-7129] Port d[1] in module dist_mem_gen_v8_0_14 is either unconnected or has no load
WARNING: [Synth 8-7129] Port d[0] in module dist_mem_gen_v8_0_14 is either unconnected or has no load
INFO: [Common 17-14] Message 'Synth 8-7129' appears 100 times and further instances of the messages will be disabled. Use the Tcl command set_msg_config to change the current settings.
---------------------------------------------------------------------------------
Finished Cross Boundary and Area Optimization : Time (s): cpu = 00:00:10 ; elapsed = 00:00:23 . Memory (MB): peak = 1416.648 ; gain = 549.898
---------------------------------------------------------------------------------
---------------------------------------------------------------------------------
Start ROM, RAM, DSP, Shift Register and Retiming Reporting
---------------------------------------------------------------------------------

ROM: Preliminary Mapping Report
+---------------------+------------------------------------------------------+---------------+----------------+
|Module Name          | RTL Object                                           | Depth x Width | Implemented As | 
+---------------------+------------------------------------------------------+---------------+----------------+
|rom                  | rom[15]                                              | 16x2          | LUT            | 
|dist_mem_gen_v8_0_14 | synth_options.dist_mem_inst/gen_rom.rom_inst/rom[15] | 16x2          | LUT            | 
+---------------------+------------------------------------------------------+---------------+----------------+

---------------------------------------------------------------------------------
Finished ROM, RAM, DSP, Shift Register and Retiming Reporting
---------------------------------------------------------------------------------
---------------------------------------------------------------------------------
Start Applying XDC Timing Constraints
---------------------------------------------------------------------------------
---------------------------------------------------------------------------------
Finished Applying XDC Timing Constraints : Time (s): cpu = 00:00:12 ; elapsed = 00:00:31 . Memory (MB): peak = 1416.648 ; gain = 549.898
---------------------------------------------------------------------------------
---------------------------------------------------------------------------------
Start Timing Optimization
---------------------------------------------------------------------------------
---------------------------------------------------------------------------------
Finished Timing Optimization : Time (s): cpu = 00:00:12 ; elapsed = 00:00:31 . Memory (MB): peak = 1416.648 ; gain = 549.898
---------------------------------------------------------------------------------
---------------------------------------------------------------------------------
Start Technology Mapping
---------------------------------------------------------------------------------
---------------------------------------------------------------------------------
Finished Technology Mapping : Time (s): cpu = 00:00:12 ; elapsed = 00:00:31 . Memory (MB): peak = 1416.648 ; gain = 549.898
---------------------------------------------------------------------------------
---------------------------------------------------------------------------------
Start IO Insertion
---------------------------------------------------------------------------------
---------------------------------------------------------------------------------
Start Flattening Before IO Insertion
---------------------------------------------------------------------------------
---------------------------------------------------------------------------------
Finished Flattening Before IO Insertion
---------------------------------------------------------------------------------
---------------------------------------------------------------------------------
Start Final Netlist Cleanup
---------------------------------------------------------------------------------
---------------------------------------------------------------------------------
Finished Final Netlist Cleanup
---------------------------------------------------------------------------------
---------------------------------------------------------------------------------
Finished IO Insertion : Time (s): cpu = 00:00:13 ; elapsed = 00:00:36 . Memory (MB): peak = 1420.602 ; gain = 553.852
---------------------------------------------------------------------------------
---------------------------------------------------------------------------------
Start Renaming Generated Instances
---------------------------------------------------------------------------------
---------------------------------------------------------------------------------
Finished Renaming Generated Instances : Time (s): cpu = 00:00:13 ; elapsed = 00:00:36 . Memory (MB): peak = 1420.602 ; gain = 553.852
---------------------------------------------------------------------------------
---------------------------------------------------------------------------------
Start Rebuilding User Hierarchy
---------------------------------------------------------------------------------
---------------------------------------------------------------------------------
Finished Rebuilding User Hierarchy : Time (s): cpu = 00:00:13 ; elapsed = 00:00:36 . Memory (MB): peak = 1420.602 ; gain = 553.852
---------------------------------------------------------------------------------
---------------------------------------------------------------------------------
Start Renaming Generated Ports
---------------------------------------------------------------------------------
---------------------------------------------------------------------------------
Finished Renaming Generated Ports : Time (s): cpu = 00:00:13 ; elapsed = 00:00:36 . Memory (MB): peak = 1420.602 ; gain = 553.852
---------------------------------------------------------------------------------
---------------------------------------------------------------------------------
Start Handling Custom Attributes
---------------------------------------------------------------------------------
---------------------------------------------------------------------------------
Finished Handling Custom Attributes : Time (s): cpu = 00:00:13 ; elapsed = 00:00:36 . Memory (MB): peak = 1420.602 ; gain = 553.852
---------------------------------------------------------------------------------
---------------------------------------------------------------------------------
Start Renaming Generated Nets
---------------------------------------------------------------------------------
---------------------------------------------------------------------------------
Finished Renaming Generated Nets : Time (s): cpu = 00:00:13 ; elapsed = 00:00:36 . Memory (MB): peak = 1420.602 ; gain = 553.852
---------------------------------------------------------------------------------
---------------------------------------------------------------------------------
Start Writing Synthesis Report
---------------------------------------------------------------------------------

Report BlackBoxes: 
+-+--------------+----------+
| |BlackBox name |Instances |
+-+--------------+----------+
+-+--------------+----------+

Report Cell Usage: 
+------+-----+------+
|      |Cell |Count |
+------+-----+------+
|1     |LUT2 |     1|
|2     |LUT4 |     1|
+------+-----+------+
---------------------------------------------------------------------------------
Finished Writing Synthesis Report : Time (s): cpu = 00:00:13 ; elapsed = 00:00:36 . Memory (MB): peak = 1420.602 ; gain = 553.852
---------------------------------------------------------------------------------
Synthesis finished with 0 errors, 0 critical warnings and 47 warnings.
Synthesis Optimization Runtime : Time (s): cpu = 00:00:08 ; elapsed = 00:00:34 . Memory (MB): peak = 1420.602 ; gain = 553.852
Synthesis Optimization Complete : Time (s): cpu = 00:00:13 ; elapsed = 00:00:36 . Memory (MB): peak = 1420.602 ; gain = 553.852
INFO: [Project 1-571] Translating synthesized netlist
Netlist sorting complete. Time (s): cpu = 00:00:00 ; elapsed = 00:00:00 . Memory (MB): peak = 1432.699 ; gain = 0.000
INFO: [Project 1-570] Preparing netlist for logic optimization
INFO: [Opt 31-138] Pushed 0 inverter(s) to 0 load pin(s).
Netlist sorting complete. Time (s): cpu = 00:00:00 ; elapsed = 00:00:00 . Memory (MB): peak = 1440.328 ; gain = 0.000
INFO: [Project 1-111] Unisim Transformation Summary:
No Unisim elements were transformed.

Access is denied.
Synth Design complete | Checksum: 4b9d685e
INFO: [Common 17-83] Releasing license: Synthesis
18 Infos, 101 Warnings, 0 Critical Warnings and 0 Errors encountered.
synth_design completed successfully
INFO: [Common 17-600] The following parameters have non-default value.
tcl.statsThreshold
Write ShapeDB Complete: Time (s): cpu = 00:00:00 ; elapsed = 00:00:00.001 . Memory (MB): peak = 1440.328 ; gain = 0.000
INFO: [Common 17-1381] The checkpoint 'C:/Users/Sreenu/OneDrive - IIT Delhi/A/COL215/Assignments/hw3/hw3.runs/filter_synth_1/filter.dcp' has been generated.
INFO: [Coretcl 2-1648] Added synthesis output to IP cache for IP filter, cache-ID = 1149b95a5e1e6de8
Write ShapeDB Complete: Time (s): cpu = 00:00:00 ; elapsed = 00:00:00.001 . Memory (MB): peak = 1440.328 ; gain = 0.000
INFO: [Common 17-1381] The checkpoint 'C:/Users/Sreenu/OneDrive - IIT Delhi/A/COL215/Assignments/hw3/hw3.runs/filter_synth_1/filter.dcp' has been generated.
INFO: [runtcl-4] Executing : report_utilization -file filter_utilization_synth.rpt -pb filter_utilization_synth.pb
INFO: [Common 17-206] Exiting Vivado at Mon Nov  6 22:20:26 2023...
