INFO: [VRFC 10-2263] Analyzing Verilog file "C:/Users/Sreenu/OneDrive - IIT Delhi/A/COL215/Assignments/hw3/hw3.gen/sources_1/ip/ram/sim/ram.v" into library xil_defaultlib
INFO: [VRFC 10-311] analyzing module ram
INFO: [VRFC 10-2263] Analyzing Verilog file "C:/Users/Sreenu/OneDrive - IIT Delhi/A/COL215/Assignments/hw3/hw3.gen/sources_1/ip/img/sim/img.v" into library xil_defaultlib
INFO: [VRFC 10-311] analyzing module img
INFO: [VRFC 10-2263] Analyzing Verilog file "C:/Users/Sreenu/OneDrive - IIT Delhi/A/COL215/Assignments/hw3/hw3.gen/sources_1/ip/filter/sim/filter.v" into library xil_defaultlib
INFO: [VRFC 10-311] analyzing module filter
INFO: [VRFC 10-2263] Analyzing Verilog file "C:/Users/Sreenu/OneDrive - IIT Delhi/A/COL215/Assignments/hw3/hw3.sim/sim_1/behav/xsim/glbl.v" into library xil_defaultlib
INFO: [VRFC 10-311] analyzing module glbl
INFO: [VRFC 10-163] Analyzing VHDL file "C:/Users/Sreenu/OneDrive - IIT Delhi/A/COL215/Assignments/hw3/hw3.srcs/sources_1/new/MAC.vhd" into library xil_defaultlib
INFO: [VRFC 10-3107] analyzing entity 'MAC'
ERROR: [VRFC 10-3167] cannot convert type 'std_logic_vector' to type 'integer' [C:/Users/Sreenu/OneDrive - IIT Delhi/A/COL215/Assignments/hw3/hw3.srcs/sources_1/new/MAC.vhd:158]
ERROR: [VRFC 10-3167] cannot convert type 'std_logic_vector' to type 'integer' [C:/Users/Sreenu/OneDrive - IIT Delhi/A/COL215/Assignments/hw3/hw3.srcs/sources_1/new/MAC.vhd:177]
ERROR: [VRFC 10-3167] cannot convert type 'std_logic_vector' to type 'integer' [C:/Users/Sreenu/OneDrive - IIT Delhi/A/COL215/Assignments/hw3/hw3.srcs/sources_1/new/MAC.vhd:179]
ERROR: [VRFC 10-3167] cannot convert type 'std_logic_vector' to type 'integer' [C:/Users/Sreenu/OneDrive - IIT Delhi/A/COL215/Assignments/hw3/hw3.srcs/sources_1/new/MAC.vhd:181]
ERROR: [VRFC 10-3167] cannot convert type 'std_logic_vector' to type 'integer' [C:/Users/Sreenu/OneDrive - IIT Delhi/A/COL215/Assignments/hw3/hw3.srcs/sources_1/new/MAC.vhd:183]
ERROR: [VRFC 10-3167] cannot convert type 'std_logic_vector' to type 'integer' [C:/Users/Sreenu/OneDrive - IIT Delhi/A/COL215/Assignments/hw3/hw3.srcs/sources_1/new/MAC.vhd:185]
ERROR: [VRFC 10-3167] cannot convert type 'std_logic_vector' to type 'integer' [C:/Users/Sreenu/OneDrive - IIT Delhi/A/COL215/Assignments/hw3/hw3.srcs/sources_1/new/MAC.vhd:187]
ERROR: [VRFC 10-3167] cannot convert type 'std_logic_vector' to type 'integer' [C:/Users/Sreenu/OneDrive - IIT Delhi/A/COL215/Assignments/hw3/hw3.srcs/sources_1/new/MAC.vhd:189]
ERROR: [VRFC 10-3167] cannot convert type 'std_logic_vector' to type 'integer' [C:/Users/Sreenu/OneDrive - IIT Delhi/A/COL215/Assignments/hw3/hw3.srcs/sources_1/new/MAC.vhd:191]
ERROR: [VRFC 10-3167] cannot convert type 'std_logic_vector' to type 'integer' [C:/Users/Sreenu/OneDrive - IIT Delhi/A/COL215/Assignments/hw3/hw3.srcs/sources_1/new/MAC.vhd:193]
ERROR: [VRFC 10-3167] cannot convert type 'std_logic_vector' to type 'integer' [C:/Users/Sreenu/OneDrive - IIT Delhi/A/COL215/Assignments/hw3/hw3.srcs/sources_1/new/MAC.vhd:214]
ERROR: [VRFC 10-9458] unit 'behavioral' is ignored due to previous errors [C:/Users/Sreenu/OneDrive - IIT Delhi/A/COL215/Assignments/hw3/hw3.srcs/sources_1/new/MAC.vhd:41]
INFO: [VRFC 10-8704] VHDL file 'C:/Users/Sreenu/OneDrive - IIT Delhi/A/COL215/Assignments/hw3/hw3.srcs/sources_1/new/MAC.vhd' is ignored due to errors
