Time resolution is 1 ps
WARNING: This core is supplied with a behavioral model. To model cycle-accurate behavior you must run timing simulation.
WARNING: This core is supplied with a behavioral model. To model cycle-accurate behavior you must run timing simulation.
WARNING: This core is supplied with a behavioral model. To model cycle-accurate behavior you must run timing simulation.
WARNING: This core is supplied with a behavioral model. To model cycle-accurate behavior you must run timing simulation.
WARNING: This core is supplied with a behavioral model. To model cycle-accurate behavior you must run timing simulation.
WARNING: This core is supplied with a behavioral model. To model cycle-accurate behavior you must run timing simulation.
WARNING: This core is supplied with a behavioral model. To model cycle-accurate behavior you must run timing simulation.
WARNING: This core is supplied with a behavioral model. To model cycle-accurate behavior you must run timing simulation.
WARNING: This core is supplied with a behavioral model. To model cycle-accurate behavior you must run timing simulation.
WARNING: This core is supplied with a behavioral model. To model cycle-accurate behavior you must run timing simulation.
WARNING: This core is supplied with a behavioral model. To model cycle-accurate behavior you must run timing simulation.
WARNING: This core is supplied with a behavioral model. To model cycle-accurate behavior you must run timing simulation.
Stopped at time : 950065 ns : File "C:/Users/Sreenu/OneDrive - IIT Delhi/A/COL215/Assignments/hw3/hw3.srcs/sources_1/new/MAC.vhd" Line 185
Stopped at time : 950065 ns : File "C:/Users/Sreenu/OneDrive - IIT Delhi/A/COL215/Assignments/hw3/hw3.srcs/sources_1/new/MAC.vhd" Line 186
Stopped at time : 950065 ns : File "C:/Users/Sreenu/OneDrive - IIT Delhi/A/COL215/Assignments/hw3/hw3.srcs/sim_1/new/tb_display.vhd" Line 140
Stopped at time : 950065 ns : File "C:/Users/Sreenu/OneDrive - IIT Delhi/A/COL215/Assignments/hw3/hw3.srcs/sim_1/new/tb_display.vhd" Line 141
Stopped at time : 950065 ns : File "C:/Users/Sreenu/OneDrive - IIT Delhi/A/COL215/Assignments/hw3/hw3.srcs/sim_1/new/tb_display.vhd" Line 142
Stopped at time : 950065 ns : File "C:/Users/Sreenu/OneDrive - IIT Delhi/A/COL215/Assignments/hw3/hw3.srcs/sim_1/new/tb_display.vhd" Line 143
Stopped at time : 950065 ns : File "/wrk/ci/prod/2023.2/sw/continuous/3079/packages/customer/vivado/data/ip/xilinx/dist_mem_gen_v8_0/simulation/dist_mem_gen_v8_0.v" Line 313
Stopped at time : 950065 ns : File "/wrk/ci/prod/2023.2/sw/continuous/3079/packages/customer/vivado/data/ip/xilinx/dist_mem_gen_v8_0/simulation/dist_mem_gen_v8_0.v" Line 311
Stopped at time : 950065 ns : File "/wrk/ci/prod/2023.2/sw/continuous/3079/packages/customer/vivado/data/ip/xilinx/dist_mem_gen_v8_0/simulation/dist_mem_gen_v8_0.v" Line 338
Stopped at time : 950065 ns : File "/wrk/ci/prod/2023.2/sw/continuous/3079/packages/customer/vivado/data/ip/xilinx/dist_mem_gen_v8_0/simulation/dist_mem_gen_v8_0.v" Line 339
Stopped at time : 950065 ns : File "/wrk/ci/prod/2023.2/sw/continuous/3079/packages/customer/vivado/data/ip/xilinx/dist_mem_gen_v8_0/simulation/dist_mem_gen_v8_0.v" Line 340
Stopped at time : 950065 ns : File "/wrk/ci/prod/2023.2/sw/continuous/3079/packages/customer/vivado/data/ip/xilinx/dist_mem_gen_v8_0/simulation/dist_mem_gen_v8_0.v" Line 359
Stopped at time : 950065 ns : File "/wrk/ci/prod/2023.2/sw/continuous/3079/packages/customer/vivado/data/ip/xilinx/dist_mem_gen_v8_0/simulation/dist_mem_gen_v8_0.v" Line 328
Stopped at time : 950065 ns : File "/wrk/ci/prod/2023.2/sw/continuous/3079/packages/customer/vivado/data/ip/xilinx/dist_mem_gen_v8_0/simulation/dist_mem_gen_v8_0.v" Line 438
Stopped at time : 950065 ns : File "/wrk/ci/prod/2023.2/sw/continuous/3079/packages/customer/vivado/data/ip/xilinx/dist_mem_gen_v8_0/simulation/dist_mem_gen_v8_0.v" Line 443
Stopped at time : 950065 ns : File "/wrk/ci/prod/2023.2/sw/continuous/3079/packages/customer/vivado/data/ip/xilinx/dist_mem_gen_v8_0/simulation/dist_mem_gen_v8_0.v" Line 462
Stopped at time : 950065 ns : File "/wrk/ci/prod/2023.2/sw/continuous/3079/packages/customer/vivado/data/ip/xilinx/dist_mem_gen_v8_0/simulation/dist_mem_gen_v8_0.v" Line 482
Stopped at time : 950065 ns : File "/wrk/ci/prod/2023.2/sw/continuous/3079/packages/customer/vivado/data/ip/xilinx/dist_mem_gen_v8_0/simulation/dist_mem_gen_v8_0.v" Line 484
Stopped at time : 950065 ns : File "/wrk/ci/prod/2023.2/sw/continuous/3079/packages/customer/vivado/data/ip/xilinx/dist_mem_gen_v8_0/simulation/dist_mem_gen_v8_0.v" Line 436
Stopped at time : 950070 ns : File "C:/Users/Sreenu/OneDrive - IIT Delhi/A/COL215/Assignments/hw3/hw3.srcs/sim_1/new/tb_display.vhd" Line 104
Stopped at time : 950070 ns : File "C:/Users/Sreenu/OneDrive - IIT Delhi/A/COL215/Assignments/hw3/hw3.srcs/sim_1/new/tb_display.vhd" Line 103
Stopped at time : 950070 ns : File "C:/Users/Sreenu/OneDrive - IIT Delhi/A/COL215/Assignments/hw3/hw3.srcs/sources_1/new/clock_divider.vhd" Line 47
Stopped at time : 950070 ns : File "C:/Users/Sreenu/OneDrive - IIT Delhi/A/COL215/Assignments/hw3/hw3.srcs/sources_1/new/MAC.vhd" Line 122
Stopped at time : 950070 ns : File "C:/Users/Sreenu/OneDrive - IIT Delhi/A/COL215/Assignments/hw3/hw3.srcs/sources_1/new/MAC.vhd" Line 126
Stopped at time : 950070 ns : File "C:/Users/Sreenu/OneDrive - IIT Delhi/A/COL215/Assignments/hw3/hw3.srcs/sources_1/new/MAC.vhd" Line 165
Stopped at time : 950070 ns : File "C:/Users/Sreenu/OneDrive - IIT Delhi/A/COL215/Assignments/hw3/hw3.srcs/sources_1/new/MAC.vhd" Line 172
Stopped at time : 950070 ns : File "C:/Users/Sreenu/OneDrive - IIT Delhi/A/COL215/Assignments/hw3/hw3.srcs/sources_1/new/MAC.vhd" Line 177
Stopped at time : 950070 ns : File "C:/Users/Sreenu/OneDrive - IIT Delhi/A/COL215/Assignments/hw3/hw3.srcs/sim_1/new/tb_display.vhd" Line 140
Stopped at time : 950070 ns : File "C:/Users/Sreenu/OneDrive - IIT Delhi/A/COL215/Assignments/hw3/hw3.srcs/sim_1/new/tb_display.vhd" Line 141
Stopped at time : 950070 ns : File "C:/Users/Sreenu/OneDrive - IIT Delhi/A/COL215/Assignments/hw3/hw3.srcs/sim_1/new/tb_display.vhd" Line 142
Stopped at time : 950070 ns : File "C:/Users/Sreenu/OneDrive - IIT Delhi/A/COL215/Assignments/hw3/hw3.srcs/sim_1/new/tb_display.vhd" Line 143
Stopped at time : 950075 ns : File "C:/Users/Sreenu/OneDrive - IIT Delhi/A/COL215/Assignments/hw3/hw3.srcs/sim_1/new/tb_display.vhd" Line 104
Stopped at time : 950075 ns : File "C:/Users/Sreenu/OneDrive - IIT Delhi/A/COL215/Assignments/hw3/hw3.srcs/sim_1/new/tb_display.vhd" Line 103
Stopped at time : 950075 ns : File "C:/Users/Sreenu/OneDrive - IIT Delhi/A/COL215/Assignments/hw3/hw3.srcs/sources_1/new/clock_divider.vhd" Line 47
Stopped at time : 950075 ns : File "C:/Users/Sreenu/OneDrive - IIT Delhi/A/COL215/Assignments/hw3/hw3.srcs/sources_1/new/clock_divider.vhd" Line 48
Stopped at time : 950075 ns : File "C:/Users/Sreenu/OneDrive - IIT Delhi/A/COL215/Assignments/hw3/hw3.srcs/sources_1/new/clock_divider.vhd" Line 49
Stopped at time : 950075 ns : File "C:/Users/Sreenu/OneDrive - IIT Delhi/A/COL215/Assignments/hw3/hw3.srcs/sources_1/new/clock_divider.vhd" Line 50
Stopped at time : 950075 ns : File "C:/Users/Sreenu/OneDrive - IIT Delhi/A/COL215/Assignments/hw3/hw3.srcs/sources_1/new/clock_divider.vhd" Line 51
Stopped at time : 950075 ns : File "C:/Users/Sreenu/OneDrive - IIT Delhi/A/COL215/Assignments/hw3/hw3.srcs/sources_1/new/clock_divider.vhd" Line 52
Stopped at time : 950075 ns : File "C:/Users/Sreenu/OneDrive - IIT Delhi/A/COL215/Assignments/hw3/hw3.srcs/sources_1/new/MAC.vhd" Line 122
Stopped at time : 950075 ns : File "C:/Users/Sreenu/OneDrive - IIT Delhi/A/COL215/Assignments/hw3/hw3.srcs/sources_1/new/MAC.vhd" Line 126
Stopped at time : 950075 ns : File "C:/Users/Sreenu/OneDrive - IIT Delhi/A/COL215/Assignments/hw3/hw3.srcs/sources_1/new/MAC.vhd" Line 165
Stopped at time : 950075 ns : File "C:/Users/Sreenu/OneDrive - IIT Delhi/A/COL215/Assignments/hw3/hw3.srcs/sources_1/new/MAC.vhd" Line 172
Stopped at time : 950075 ns : File "C:/Users/Sreenu/OneDrive - IIT Delhi/A/COL215/Assignments/hw3/hw3.srcs/sources_1/new/MAC.vhd" Line 177
Stopped at time : 950075 ns : File "C:/Users/Sreenu/OneDrive - IIT Delhi/A/COL215/Assignments/hw3/hw3.srcs/sources_1/new/MAC.vhd" Line 179
Stopped at time : 950075 ns : File "C:/Users/Sreenu/OneDrive - IIT Delhi/A/COL215/Assignments/hw3/hw3.srcs/sources_1/new/MAC.vhd" Line 181
Stopped at time : 950075 ns : File "C:/Users/Sreenu/OneDrive - IIT Delhi/A/COL215/Assignments/hw3/hw3.srcs/sources_1/new/MAC.vhd" Line 182
Stopped at time : 950075 ns : File "C:/Users/Sreenu/OneDrive - IIT Delhi/A/COL215/Assignments/hw3/hw3.srcs/sources_1/new/MAC.vhd" Line 195
Stopped at time : 950075 ns : File "C:/Users/Sreenu/OneDrive - IIT Delhi/A/COL215/Assignments/hw3/hw3.srcs/sources_1/new/MAC.vhd" Line 197
Stopped at time : 950075 ns : File "C:/Users/Sreenu/OneDrive - IIT Delhi/A/COL215/Assignments/hw3/hw3.srcs/sources_1/new/MAC.vhd" Line 199
Stopped at time : 950075 ns : File "C:/Users/Sreenu/OneDrive - IIT Delhi/A/COL215/Assignments/hw3/hw3.srcs/sources_1/new/MAC.vhd" Line 200
Stopped at time : 950075 ns : File "C:/Users/Sreenu/OneDrive - IIT Delhi/A/COL215/Assignments/hw3/hw3.srcs/sources_1/new/MAC.vhd" Line 201
Stopped at time : 950075 ns : File "C:/Users/Sreenu/OneDrive - IIT Delhi/A/COL215/Assignments/hw3/hw3.srcs/sources_1/new/MAC.vhd" Line 202
Stopped at time : 950075 ns : File "C:/Users/Sreenu/OneDrive - IIT Delhi/A/COL215/Assignments/hw3/hw3.srcs/sources_1/new/MAC.vhd" Line 203
Stopped at time : 950075 ns : File "C:/Users/Sreenu/OneDrive - IIT Delhi/A/COL215/Assignments/hw3/hw3.srcs/sim_1/new/tb_display.vhd" Line 140
Stopped at time : 950075 ns : File "C:/Users/Sreenu/OneDrive - IIT Delhi/A/COL215/Assignments/hw3/hw3.srcs/sim_1/new/tb_display.vhd" Line 141
Stopped at time : 950075 ns : File "C:/Users/Sreenu/OneDrive - IIT Delhi/A/COL215/Assignments/hw3/hw3.srcs/sim_1/new/tb_display.vhd" Line 142
WARNING: This core is supplied with a behavioral model. To model cycle-accurate behavior you must run timing simulation.
WARNING: This core is supplied with a behavioral model. To model cycle-accurate behavior you must run timing simulation.
WARNING: This core is supplied with a behavioral model. To model cycle-accurate behavior you must run timing simulation.
WARNING: This core is supplied with a behavioral model. To model cycle-accurate behavior you must run timing simulation.
Stopped at time : 100105 ns : File "C:/Users/Sreenu/OneDrive - IIT Delhi/A/COL215/Assignments/hw3/hw3.srcs/sources_1/new/MAC.vhd" Line 179
Stopped at time : 100115 ns : File "C:/Users/Sreenu/OneDrive - IIT Delhi/A/COL215/Assignments/hw3/hw3.srcs/sources_1/new/MAC.vhd" Line 179
Stopped at time : 100125 ns : File "C:/Users/Sreenu/OneDrive - IIT Delhi/A/COL215/Assignments/hw3/hw3.srcs/sources_1/new/MAC.vhd" Line 179
Stopped at time : 100135 ns : File "C:/Users/Sreenu/OneDrive - IIT Delhi/A/COL215/Assignments/hw3/hw3.srcs/sources_1/new/MAC.vhd" Line 179
